<?xml version="1.0" encoding="UTF-8"?>
<testsuite name="io.docpilot.core.indexer.DefaultProjectSourceIndexerTest" tests="2" skipped="0" failures="0" errors="0" timestamp="2026-07-16T00:15:38.803Z" hostname="BOOK-QK1LID6B41" time="0.02">
  <properties/>
  <testcase name="reports missing Kotlin file()" classname="io.docpilot.core.indexer.DefaultProjectSourceIndexerTest" time="0.007"/>
  <testcase name="indexes Kotlin files in deterministic order()" classname="io.docpilot.core.indexer.DefaultProjectSourceIndexerTest" time="0.012"/>
  <system-out><![CDATA[]]></system-out>
  <system-err><![CDATA[]]></system-err>
</testsuite>
