<?xml version="1.0" encoding="UTF-8"?>
<testsuite name="io.docpilot.core.render.SourceIndexMarkdownRendererTest" tests="2" skipped="0" failures="0" errors="0" timestamp="2026-07-16T00:40:42.840Z" hostname="BOOK-QK1LID6B41" time="0.008">
  <properties/>
  <testcase name="renders indexed files and symbols()" classname="io.docpilot.core.render.SourceIndexMarkdownRendererTest" time="0.0"/>
  <testcase name="renders failures and empty sections()" classname="io.docpilot.core.render.SourceIndexMarkdownRendererTest" time="0.006"/>
  <system-out><![CDATA[]]></system-out>
  <system-err><![CDATA[]]></system-err>
</testsuite>
