<?xml version="1.0" encoding="UTF-8"?>
<testsuite name="io.docpilot.core.extractor.SimpleKotlinSymbolExtractorTest" tests="3" skipped="0" failures="0" errors="0" timestamp="2026-07-16T00:15:38.792Z" hostname="BOOK-QK1LID6B41" time="0.01">
  <properties/>
  <testcase name="extracts package imports and declarations()" classname="io.docpilot.core.extractor.SimpleKotlinSymbolExtractorTest" time="0.006"/>
  <testcase name="records one based source location()" classname="io.docpilot.core.extractor.SimpleKotlinSymbolExtractorTest" time="0.0"/>
  <testcase name="supports source without package()" classname="io.docpilot.core.extractor.SimpleKotlinSymbolExtractorTest" time="0.001"/>
  <system-out><![CDATA[]]></system-out>
  <system-err><![CDATA[]]></system-err>
</testsuite>
