<?xml version="1.0" encoding="UTF-8"?>
<testsuite name="io.docpilot.core.summary.DefaultProjectSummaryBuilderTest" tests="2" skipped="0" failures="0" errors="0" timestamp="2026-07-16T00:40:42.891Z" hostname="BOOK-QK1LID6B41" time="0.022">
  <properties/>
  <testcase name="does not claim languages or build systems without evidence()" classname="io.docpilot.core.summary.DefaultProjectSummaryBuilderTest" time="0.002"/>
  <testcase name="builds summary from inventory facts()" classname="io.docpilot.core.summary.DefaultProjectSummaryBuilderTest" time="0.019"/>
  <system-out><![CDATA[]]></system-out>
  <system-err><![CDATA[]]></system-err>
</testsuite>
