<?xml version="1.0" encoding="UTF-8"?>
<testsuite name="io.docpilot.core.lexer.SimpleKotlinLexerTest" tests="3" skipped="0" failures="0" errors="0" timestamp="2026-07-16T00:40:42.831Z" hostname="BOOK-QK1LID6B41" time="0.004">
  <properties/>
  <testcase name="tokenizes declarations and literals()" classname="io.docpilot.core.lexer.SimpleKotlinLexerTest" time="0.001"/>
  <testcase name="reports one based positions()" classname="io.docpilot.core.lexer.SimpleKotlinLexerTest" time="0.001"/>
  <testcase name="ignores comments()" classname="io.docpilot.core.lexer.SimpleKotlinLexerTest" time="0.0"/>
  <system-out><![CDATA[]]></system-out>
  <system-err><![CDATA[]]></system-err>
</testsuite>
